{"t": 1771795772.296146, "step": "start", "sleep_sec": 20}
{"t": 1771795772.3544705, "step": "JVOpen"}
{"t": 1771795772.603334, "step": "JVOpen_ret", "ret": 0, "readcount": 1370, "downloadcount": 1352, "lastts": "20260221112817"}
{"t": 1771795772.6109169, "step": "sleep", "i": 1, "status": 0}
{"t": 1771795773.6186037, "step": "sleep", "i": 2, "status": 26}
{"t": 1771795774.6287344, "step": "sleep", "i": 3, "status": 57}
{"t": 1771795775.6364634, "step": "sleep", "i": 4, "status": 86}
{"t": 1771795776.649109, "step": "sleep", "i": 5, "status": 121}
{"t": 1771795777.6588128, "step": "sleep", "i": 6, "status": 161}
{"t": 1771795778.6667783, "step": "sleep", "i": 7, "status": 192}
{"t": 1771795779.6758797, "step": "sleep", "i": 8, "status": 228}
{"t": 1771795780.6837492, "step": "sleep", "i": 9, "status": 266}
{"t": 1771795781.6927521, "step": "sleep", "i": 10, "status": 303}
{"t": 1771795782.7027233, "step": "sleep", "i": 11, "status": 334}
{"t": 1771795783.7108364, "step": "sleep", "i": 12, "status": 371}
{"t": 1771795784.719418, "step": "sleep", "i": 13, "status": 407}
{"t": 1771795785.7278762, "step": "sleep", "i": 14, "status": 443}
{"t": 1771795786.7418573, "step": "sleep", "i": 15, "status": 481}
{"t": 1771795787.752954, "step": "sleep", "i": 16, "status": 517}
{"t": 1771795788.762447, "step": "sleep", "i": 17, "status": 556}
{"t": 1771795789.7711227, "step": "sleep", "i": 18, "status": 592}
{"t": 1771795790.7813306, "step": "sleep", "i": 19, "status": 629}
{"t": 1771795791.7929564, "step": "sleep", "i": 20, "status": 663}
{"t": 1771795792.800615, "step": "JVRead_once"}
